<?xml version="1.0" encoding="UTF-8"?>
<Site BuildName="(empty)"
	BuildStamp="20241210-1131-Experimental"
	Name="kai-IdeaPad-Gaming-3-15IHU6"
	Generator="ctest-3.22.1"
	CompilerName="/usr/bin/g++"
	CompilerVersion="11.4.0"
	OSName="Linux"
	Hostname="kai-IdeaPad-Gaming-3-15IHU6"
	OSRelease="6.8.0-49-generic"
	OSVersion="#49~22.04.1-Ubuntu SMP PREEMPT_DYNAMIC Wed Nov  6 17:42:15 UTC 2"
	OSPlatform="x86_64"
	Is64Bits="1"
	VendorString="GenuineIntel"
	VendorID="Intel Corporation"
	FamilyID="6"
	ModelID="140"
	ProcessorCacheSize="8192"
	NumberOfLogicalCPU="8"
	NumberOfPhysicalCPU="4"
	TotalVirtualMemory="2047"
	TotalPhysicalMemory="31881"
	LogicalProcessorsPerPhysical="2"
	ProcessorClockFrequency="3677.96"
	>
	<Testing>
		<StartDateTime>Dec 10 14:08 IST</StartDateTime>
		<StartTestTime>1733832514</StartTestTime>
		<TestList/>
		<EndDateTime>Dec 10 14:08 IST</EndDateTime>
		<EndTestTime>1733832514</EndTestTime>
		<ElapsedMinutes>0</ElapsedMinutes>
	</Testing>
</Site>
